UnityApplication/Library/Bee/Android/Prj/Mono2x/Gradle/launcher/build/intermediates/manifest_merge_blame_file/release/manifest-merger-blame-release-report.txt
1<?xml version="1.0" encoding="utf-8"?>
2<manifest xmlns:android="http://schemas.android.com/apk/res/android"
3    package="com.nest.CompanionPlus"
4    android:installLocation="preferExternal"
5    android:versionCode="1"
6    android:versionName="0.8.0" >
7
8    <uses-sdk
9        android:minSdkVersion="25"
9-->src\main\AndroidManifest.xml
10        android:targetSdkVersion="30" />
10-->src\main\AndroidManifest.xml
11
12    <supports-screens
12-->src\main\AndroidManifest.xml:3:3-163
13        android:anyDensity="true"
13-->src\main\AndroidManifest.xml:3:135-160
14        android:largeScreens="true"
14-->src\main\AndroidManifest.xml:3:78-105
15        android:normalScreens="true"
15-->src\main\AndroidManifest.xml:3:49-77
16        android:smallScreens="true"
16-->src\main\AndroidManifest.xml:3:21-48
17        android:xlargeScreens="true" />
17-->src\main\AndroidManifest.xml:3:106-134
18
19    <uses-feature android:glEsVersion="0x00020000" />
19-->[:unityLibrary] AndroidManifest.xml:12:5-54
19-->[:unityLibrary] AndroidManifest.xml:12:19-51
20    <uses-feature
20-->[:unityLibrary] AndroidManifest.xml:13:5-15:36
21        android:name="android.hardware.type.pc"
21-->[:unityLibrary] AndroidManifest.xml:14:9-48
22        android:required="false" />
22-->[:unityLibrary] AndroidManifest.xml:15:9-33
23    <uses-feature android:name="android.software.home_screen" />
23-->[:unityLibrary] AndroidManifest.xml:16:5-65
23-->[:unityLibrary] AndroidManifest.xml:16:19-62
24
25    <uses-permission android:name="android.permission.INTERNET" />
25-->[:unityLibrary] AndroidManifest.xml:18:5-67
25-->[:unityLibrary] AndroidManifest.xml:18:22-64
26    <uses-permission android:name="android.permission.ACCESS_NETWORK_STATE" />
26-->[:unityLibrary] AndroidManifest.xml:19:5-79
26-->[:unityLibrary] AndroidManifest.xml:19:22-76
27
28    <uses-feature
28-->[:unityLibrary] AndroidManifest.xml:21:5-23:36
29        android:name="android.hardware.touchscreen"
29-->[:unityLibrary] AndroidManifest.xml:22:9-52
30        android:required="false" />
30-->[:unityLibrary] AndroidManifest.xml:23:9-33
31    <uses-feature
31-->[:unityLibrary] AndroidManifest.xml:24:5-26:36
32        android:name="android.hardware.touchscreen.multitouch"
32-->[:unityLibrary] AndroidManifest.xml:25:9-63
33        android:required="false" />
33-->[:unityLibrary] AndroidManifest.xml:26:9-33
34    <uses-feature
34-->[:unityLibrary] AndroidManifest.xml:27:5-29:36
35        android:name="android.hardware.touchscreen.multitouch.distinct"
35-->[:unityLibrary] AndroidManifest.xml:28:9-72
36        android:required="false" />
36-->[:unityLibrary] AndroidManifest.xml:29:9-33
37
38    <uses-permission android:name="android.permission.NFC" />
38-->[:unityLibrary:Android.androidlib] AndroidManifest.xml:13:5-62
38-->[:unityLibrary:Android.androidlib] AndroidManifest.xml:13:22-59
39
40    <uses-feature
40-->[:unityLibrary:Android.androidlib] AndroidManifest.xml:15:5-17:35
41        android:name="android.hardware.nfc"
41-->[:unityLibrary:Android.androidlib] AndroidManifest.xml:16:9-44
42        android:required="true" />
42-->[:unityLibrary:Android.androidlib] AndroidManifest.xml:17:9-32
43
44    <application
44-->src\main\AndroidManifest.xml:4:3-83
45        android:extractNativeLibs="true"
45-->[:unityLibrary] AndroidManifest.xml:31:18-50
46        android:icon="@mipmap/app_icon"
46-->src\main\AndroidManifest.xml:4:49-80
47        android:label="@string/app_name"
47-->src\main\AndroidManifest.xml:4:16-48
48        android:theme="@style/UnityThemeSelector" >
48-->[:unityLibrary:Android.androidlib] AndroidManifest.xml:28:9-50
49        <activity
49-->[:unityLibrary] AndroidManifest.xml:32:9-52:20
50            android:name="com.unity3d.player.UnityPlayerActivity"
50-->[:unityLibrary] AndroidManifest.xml:33:13-66
51            android:configChanges="mcc|mnc|locale|touchscreen|keyboard|keyboardHidden|navigation|orientation|screenLayout|uiMode|screenSize|smallestScreenSize|fontScale|layoutDirection|density"
51-->[:unityLibrary] AndroidManifest.xml:34:13-194
52            android:hardwareAccelerated="false"
52-->[:unityLibrary] AndroidManifest.xml:35:13-48
53            android:label="@string/app_name"
53-->[:unityLibrary:Android.androidlib] AndroidManifest.xml:31:13-45
54            android:launchMode="singleTask"
54-->[:unityLibrary] AndroidManifest.xml:36:13-44
55            android:resizeableActivity="false"
55-->[:unityLibrary] AndroidManifest.xml:37:13-47
56            android:screenOrientation="portrait"
56-->[:unityLibrary] AndroidManifest.xml:38:13-49
57            android:theme="@style/UnityThemeSelector" >
57-->[:unityLibrary] AndroidManifest.xml:39:13-54
58            <intent-filter>
58-->[:unityLibrary] AndroidManifest.xml:40:13-44:29
59                <action android:name="android.intent.action.MAIN" />
59-->[:unityLibrary] AndroidManifest.xml:41:17-69
59-->[:unityLibrary] AndroidManifest.xml:41:25-66
60
61                <category android:name="android.intent.category.LAUNCHER" />
61-->[:unityLibrary] AndroidManifest.xml:43:17-77
61-->[:unityLibrary] AndroidManifest.xml:43:27-74
62            </intent-filter>
63
64            <meta-data
64-->[:unityLibrary] AndroidManifest.xml:46:13-48:40
65                android:name="unityplayer.UnityActivity"
65-->[:unityLibrary] AndroidManifest.xml:47:17-57
66                android:value="true" />
66-->[:unityLibrary] AndroidManifest.xml:48:17-37
67            <meta-data
67-->[:unityLibrary] AndroidManifest.xml:49:13-51:40
68                android:name="android.notch_support"
68-->[:unityLibrary] AndroidManifest.xml:50:17-53
69                android:value="true" />
69-->[:unityLibrary] AndroidManifest.xml:51:17-37
70
71            <intent-filter>
71-->[:unityLibrary:Android.androidlib] AndroidManifest.xml:37:13-43:29
72                <action android:name="android.nfc.action.NDEF_DISCOVERED" />
72-->[:unityLibrary:Android.androidlib] AndroidManifest.xml:38:17-77
72-->[:unityLibrary:Android.androidlib] AndroidManifest.xml:38:25-74
73                <action android:name="android.nfc.action.TECH_DISCOVERED" />
73-->[:unityLibrary:Android.androidlib] AndroidManifest.xml:39:17-77
73-->[:unityLibrary:Android.androidlib] AndroidManifest.xml:39:25-74
74                <action android:name="android.nfc.action.TAG_DISCOVERED" />
74-->[:unityLibrary:Android.androidlib] AndroidManifest.xml:40:17-76
74-->[:unityLibrary:Android.androidlib] AndroidManifest.xml:40:25-73
75
76                <category android:name="android.intent.category.DEFAULT" />
76-->[:unityLibrary:Android.androidlib] AndroidManifest.xml:42:17-76
76-->[:unityLibrary:Android.androidlib] AndroidManifest.xml:42:27-73
77            </intent-filter>
78
79            <meta-data
79-->[:unityLibrary:Android.androidlib] AndroidManifest.xml:45:13-48:40
80                android:name="android.nfc.action.TECH_DISCOVERED"
80-->[:unityLibrary:Android.androidlib] AndroidManifest.xml:46:17-66
81                android:resource="@xml/nfc_tech_filter"
81-->[:unityLibrary:Android.androidlib] AndroidManifest.xml:47:17-56
82                android:value="true" />
82-->[:unityLibrary:Android.androidlib] AndroidManifest.xml:48:17-37
83        </activity>
84
85        <meta-data
85-->[:unityLibrary] AndroidManifest.xml:54:9-56:33
86            android:name="unity.splash-mode"
86-->[:unityLibrary] AndroidManifest.xml:55:13-45
87            android:value="0" />
87-->[:unityLibrary] AndroidManifest.xml:56:13-30
88        <meta-data
88-->[:unityLibrary] AndroidManifest.xml:57:9-59:36
89            android:name="unity.splash-enable"
89-->[:unityLibrary] AndroidManifest.xml:58:13-47
90            android:value="True" />
90-->[:unityLibrary] AndroidManifest.xml:59:13-33
91        <meta-data
91-->[:unityLibrary] AndroidManifest.xml:60:9-62:36
92            android:name="unity.launch-fullscreen"
92-->[:unityLibrary] AndroidManifest.xml:61:13-51
93            android:value="True" />
93-->[:unityLibrary] AndroidManifest.xml:62:13-33
94        <meta-data
94-->[:unityLibrary] AndroidManifest.xml:63:9-65:37
95            android:name="unity.allow-resizable-window"
95-->[:unityLibrary] AndroidManifest.xml:64:13-56
96            android:value="False" />
96-->[:unityLibrary] AndroidManifest.xml:65:13-34
97        <meta-data
97-->[:unityLibrary] AndroidManifest.xml:66:9-68:50
98            android:name="notch.config"
98-->[:unityLibrary] AndroidManifest.xml:67:13-40
99            android:value="portrait|landscape" />
99-->[:unityLibrary] AndroidManifest.xml:68:13-47
100    </application>
101
102</manifest>